<?xml version="1.0" encoding="UTF-8"?>
<testsuite name="Data REST - API TEST" tests="1" skipped="1" failures="0" errors="0" timestamp="2024-02-11T08:59:29" hostname="Dongikui-MacBookAir.local" time="0.0">
  <properties/>
  <testcase name="[api] 게시글 리스트 조회" classname="ToMist.SpringBoard.controller.DataRestTest" time="0.0">
    <skipped/>
  </testcase>
  <system-out><![CDATA[]]></system-out>
  <system-err><![CDATA[]]></system-err>
</testsuite>
